<?xml version="1.0" encoding="UTF-8"?>
<!-- Generated by org.testng.reporters.JUnitXMLReporter -->
<testsuite ignored="0" hostname="LAPTOP-MV8D8OCH" failures="0" tests="1" name="ChromeTest" time="0.044" errors="0" timestamp="2023-07-26T16:35:22 IST">
  <testcase classname="com.flipkart.qa.test.FK_TC4400_ValidateUserName" name="@BeforeClass openingBrowser" time="0.005">
    <failure type="java.io.FileNotFoundException" message="E:\EclipseProject\flipkart\src\main\java\com\flipkart\qa\config\config.properties (The system cannot find the path specified)">
      <![CDATA[java.io.FileNotFoundException: E:\EclipseProject\flipkart\src\main\java\com\flipkart\qa\config\config.properties (The system cannot find the path specified)
at java.base/java.io.FileInputStream.open0(Native Method)
at java.base/java.io.FileInputStream.open(FileInputStream.java:216)
at java.base/java.io.FileInputStream.<init>(FileInputStream.java:157)
at java.base/java.io.FileInputStream.<init>(FileInputStream.java:111)
at com.flipkart.qa.util.Utility.readConfigProp(Utility.java:34)
at com.flipkart.qa.base.BaseClass.launchBrowser(BaseClass.java:27)
at com.flipkart.qa.test.FK_TC4400_ValidateUserName.openingBrowser(FK_TC4400_ValidateUserName.java:22)
at java.base/java.util.ArrayList.forEach(ArrayList.java:1511)
... Removed 25 stack frames]]>
    </failure>
  </testcase> <!-- @BeforeClass openingBrowser -->
  <testcase classname="com.flipkart.qa.test.FK_TC4400_ValidateUserName" name="@BeforeMethod logIn" time="-1.690369522245E9">
    <skipped/>
  </testcase> <!-- @BeforeMethod logIn -->
  <testcase classname="com.flipkart.qa.test.FK_TC4400_ValidateUserName" name="@AfterMethod logout" time="-1.690369522251E9">
    <skipped/>
  </testcase> <!-- @AfterMethod logout -->
  <testcase classname="com.flipkart.qa.test.FK_TC4400_ValidateUserName" name="@AfterClass tearDown" time="-1.690369522253E9">
    <skipped/>
  </testcase> <!-- @AfterClass tearDown -->
  <testcase classname="com.flipkart.qa.test.FK_TC4400_ValidateUserName" name="validateUserName" time="0.0">
    <skipped/>
  </testcase> <!-- validateUserName -->
</testsuite> <!-- ChromeTest -->
