<?xml version="1.0" encoding="UTF-8"?>
<!-- Generated by org.testng.reporters.JUnitXMLReporter -->
<testsuite ignored="0" hostname="LENOVO" failures="0" tests="2" name="firefoxTest" time="22.387" errors="0" timestamp="2023-08-08T20:13:05 IST">
  <testcase classname="com.amazon.qa.test.SearchItemTest" name="@BeforeClass openingBrowser" time="22.095">
    <failure type="org.openqa.selenium.remote.NoSuchDriverException" message="Unable to obtain: Capabilities {acceptInsecureCerts: true, browserName: firefox, moz:debuggerAddress: true, moz:firefoxOptions: {}}">
      <![CDATA[org.openqa.selenium.remote.NoSuchDriverException: Unable to obtain: Capabilities {acceptInsecureCerts: true, browserName: firefox, moz:debuggerAddress: true, moz:firefoxOptions: {}}
at org.openqa.selenium.remote.service.DriverFinder.getPath(DriverFinder.java:29)
at org.openqa.selenium.firefox.FirefoxDriver.generateExecutor(FirefoxDriver.java:139)
at org.openqa.selenium.firefox.FirefoxDriver.<init>(FirefoxDriver.java:130)
at org.openqa.selenium.firefox.FirefoxDriver.<init>(FirefoxDriver.java:125)
at org.openqa.selenium.firefox.FirefoxDriver.<init>(FirefoxDriver.java:110)
at org.openqa.selenium.firefox.FirefoxDriver.<init>(FirefoxDriver.java:100)
at com.amazon.qa.base.BaseClass.launchBrowser(BaseClass.java:40)
at com.amazon.qa.test.SearchItemTest.openingBrowser(SearchItemTest.java:27)
at java.base/java.util.ArrayList.forEach(ArrayList.java:1511)
at java.base/java.util.concurrent.FutureTask.run(FutureTask.java:264)
at java.base/java.util.concurrent.ThreadPoolExecutor.runWorker(ThreadPoolExecutor.java:1136)
at java.base/java.util.concurrent.ThreadPoolExecutor$Worker.run(ThreadPoolExecutor.java:635)
at java.base/java.lang.Thread.run(Thread.java:833)
Caused by: org.openqa.selenium.WebDriverException: Unsuccessful command executed: [C:\Users\CHINTU\AppData\Local\Temp\selenium-manager2522549123877879212354679101847756076\selenium-manager.exe, --browser, firefox, --output, json]
error sending request for url (https://github.com/mozilla/geckodriver/releases/latest): error trying to connect: tcp connect error: A connection attempt failed because the connected party did not properly respond after a period of time, or established connection failed because connected host has failed to respond. (os error 10060)
Build info: version: '4.10.0', revision: 'c14d967899'
System info: os.name: 'Windows 8.1', os.arch: 'amd64', os.version: '6.3', java.version: '18.0.1'
Driver info: driver.version: FirefoxDriver
at org.openqa.selenium.manager.SeleniumManager.runCommand(SeleniumManager.java:130)
at org.openqa.selenium.manager.SeleniumManager.getDriverPath(SeleniumManager.java:251)
at org.openqa.selenium.remote.service.DriverFinder.getPath(DriverFinder.java:27)
... 26 more
... Removed 14 stack frames]]>
    </failure>
  </testcase> <!-- @BeforeClass openingBrowser -->
  <testcase classname="com.amazon.qa.test.SearchItemTest" name="@BeforeMethod searchProduct" time="-1.6915057853E9">
    <skipped/>
  </testcase> <!-- @BeforeMethod searchProduct -->
  <testcase classname="com.amazon.qa.test.SearchItemTest" name="@AfterMethod logout" time="-1.691505785335E9">
    <skipped/>
  </testcase> <!-- @AfterMethod logout -->
  <testcase classname="com.amazon.qa.test.SearchItemTest" name="@BeforeMethod searchProduct" time="-1.691505785344E9">
    <skipped/>
  </testcase> <!-- @BeforeMethod searchProduct -->
  <testcase classname="com.amazon.qa.test.SearchItemTest" name="@AfterMethod logout" time="-1.691505785373E9">
    <skipped/>
  </testcase> <!-- @AfterMethod logout -->
  <testcase classname="com.amazon.qa.test.SearchItemTest" name="@AfterClass tearDown" time="-1.691505785385E9">
    <skipped/>
  </testcase> <!-- @AfterClass tearDown -->
  <testcase classname="com.amazon.qa.test.SearchItemTest" name="validateIsResultDisplay" time="0.0">
    <skipped/>
  </testcase> <!-- validateIsResultDisplay -->
  <testcase classname="com.amazon.qa.test.SearchItemTest" name="validateIsResultDisplay" time="0.0">
    <skipped/>
  </testcase> <!-- validateIsResultDisplay -->
</testsuite> <!-- firefoxTest -->
