<?xml version="1.0" encoding="UTF-8"?>
<!-- Generated by org.testng.reporters.JUnitXMLReporter -->
<testsuite ignored="0" hostname="LENOVO" failures="0" tests="2" name="Test" time="53.979" errors="0" timestamp="2023-08-02T15:19:59 IST">
  <testcase classname="com.amazon.qa.test.FK_TC4400_ValidateResultDisplay" name="validateIsResultDisplay" time="11.625"/>
  <testcase classname="com.amazon.qa.test.FK_TC4400_ValidateResultDisplay" name="validateIsResultDisplay" time="7.988"/>
</testsuite> <!-- Test -->
