<?xml version="1.0" encoding="UTF-8"?>
<testng-results ignored="0" total="1" passed="1" failed="0" skipped="0">
  <reporter-output>
    <line>
      <![CDATA[launching chromeBrowser]]>
    </line>
    <line>
      <![CDATA[entering product name in search box]]>
    </line>
    <line>
      <![CDATA[clicking on searchButton]]>
    </line>
  </reporter-output>
  <suite started-at="2023-08-01T22:38:43 IST" name="Suite" finished-at="2023-08-01T22:39:02 IST" duration-ms="18541">
    <groups>
    </groups>
    <test started-at="2023-08-01T22:38:43 IST" name="Test" finished-at="2023-08-01T22:39:02 IST" duration-ms="18541">
      <class name="com.flipkart.qa.test.FK_TC4400_ValidateResultDisplay">
        <test-method is-config="true" signature="openingBrowser()[pri:0, instance:com.flipkart.qa.test.FK_TC4400_ValidateResultDisplay@6fd83fc1]" started-at="2023-08-01T22:38:43 IST" name="openingBrowser" finished-at="2023-08-01T22:38:52 IST" duration-ms="8849" status="PASS">
          <reporter-output>
            <line>
              <![CDATA[launching chromeBrowser]]>
            </line>
          </reporter-output>
        </test-method> <!-- openingBrowser -->
        <test-method is-config="true" signature="logIn()[pri:0, instance:com.flipkart.qa.test.FK_TC4400_ValidateResultDisplay@6fd83fc1]" started-at="2023-08-01T22:38:52 IST" name="logIn" finished-at="2023-08-01T22:39:00 IST" duration-ms="7961" status="PASS">
          <reporter-output>
            <line>
              <![CDATA[entering product name in search box]]>
            </line>
            <line>
              <![CDATA[clicking on searchButton]]>
            </line>
          </reporter-output>
        </test-method> <!-- logIn -->
        <test-method signature="validateIsResultDisplay()[pri:0, instance:com.flipkart.qa.test.FK_TC4400_ValidateResultDisplay@6fd83fc1]" started-at="2023-08-01T22:39:00 IST" name="validateIsResultDisplay" finished-at="2023-08-01T22:39:01 IST" duration-ms="671" status="PASS">
          <reporter-output>
          </reporter-output>
        </test-method> <!-- validateIsResultDisplay -->
        <test-method is-config="true" signature="logout()[pri:0, instance:com.flipkart.qa.test.FK_TC4400_ValidateResultDisplay@6fd83fc1]" started-at="2023-08-01T22:39:01 IST" name="logout" finished-at="2023-08-01T22:39:01 IST" duration-ms="2" status="PASS">
          <reporter-output>
          </reporter-output>
        </test-method> <!-- logout -->
        <test-method is-config="true" signature="tearDown()[pri:0, instance:com.flipkart.qa.test.FK_TC4400_ValidateResultDisplay@6fd83fc1]" started-at="2023-08-01T22:39:01 IST" name="tearDown" finished-at="2023-08-01T22:39:02 IST" duration-ms="928" status="FAIL">
          <exception class="org.openqa.selenium.NoSuchSessionException">
            <message>
              <![CDATA[Session ID is null. Using WebDriver after calling quit()?
Build info: version: '4.10.0', revision: 'c14d967899'
System info: os.name: 'Windows 8.1', os.arch: 'amd64', os.version: '6.3', java.version: '18.0.1'
Driver info: org.openqa.selenium.chrome.ChromeDriver
Command: [null, setTimeout {implicit=5000}]
Capabilities {acceptInsecureCerts: false, browserName: chrome, browserVersion: 109.0.5414.149, chrome: {chromedriverVersion: 109.0.5414.74 (e7c5703604da..., userDataDir: C:\Users\CHINTU\AppData\Loc...}, goog:chromeOptions: {debuggerAddress: localhost:49177}, networkConnectionEnabled: false, pageLoadStrategy: normal, platformName: windows, proxy: Proxy(), se:cdp: ws://localhost:49177/devtoo..., se:cdpVersion: 109.0.5414.149, setWindowRect: true, strictFileInteractability: false, timeouts: {implicit: 0, pageLoad: 300000, script: 30000}, unhandledPromptBehavior: dismiss and notify, webauthn:extension:credBlob: true, webauthn:extension:largeBlob: true, webauthn:virtualAuthenticators: true}]]>
            </message>
            <full-stacktrace>
              <![CDATA[org.openqa.selenium.NoSuchSessionException: Session ID is null. Using WebDriver after calling quit()?
Build info: version: '4.10.0', revision: 'c14d967899'
System info: os.name: 'Windows 8.1', os.arch: 'amd64', os.version: '6.3', java.version: '18.0.1'
Driver info: org.openqa.selenium.chrome.ChromeDriver
Command: [null, setTimeout {implicit=5000}]
Capabilities {acceptInsecureCerts: false, browserName: chrome, browserVersion: 109.0.5414.149, chrome: {chromedriverVersion: 109.0.5414.74 (e7c5703604da..., userDataDir: C:\Users\CHINTU\AppData\Loc...}, goog:chromeOptions: {debuggerAddress: localhost:49177}, networkConnectionEnabled: false, pageLoadStrategy: normal, platformName: windows, proxy: Proxy(), se:cdp: ws://localhost:49177/devtoo..., se:cdpVersion: 109.0.5414.149, setWindowRect: true, strictFileInteractability: false, timeouts: {implicit: 0, pageLoad: 300000, script: 30000}, unhandledPromptBehavior: dismiss and notify, webauthn:extension:credBlob: true, webauthn:extension:largeBlob: true, webauthn:virtualAuthenticators: true}
at org.openqa.selenium.remote.HttpCommandExecutor.execute(HttpCommandExecutor.java:152)
at org.openqa.selenium.remote.service.DriverCommandExecutor.invokeExecute(DriverCommandExecutor.java:196)
at org.openqa.selenium.remote.service.DriverCommandExecutor.execute(DriverCommandExecutor.java:171)
at org.openqa.selenium.remote.RemoteWebDriver.execute(RemoteWebDriver.java:531)
at org.openqa.selenium.remote.RemoteWebDriver$RemoteWebDriverOptions$RemoteTimeouts.implicitlyWait(RemoteWebDriver.java:855)
at com.amazon.qa.util.Utility.impliciteWait(Utility.java:24)
at com.amazon.qa.base.BaseClass.closeBrowser(BaseClass.java:58)
at com.flipkart.qa.test.FK_TC4400_ValidateResultDisplay.tearDown(FK_TC4400_ValidateResultDisplay.java:49)
at java.base/jdk.internal.reflect.DirectMethodHandleAccessor.invoke(DirectMethodHandleAccessor.java:104)
at java.base/java.lang.reflect.Method.invoke(Method.java:577)
at org.testng.internal.MethodInvocationHelper.invokeMethod(MethodInvocationHelper.java:133)
at org.testng.internal.MethodInvocationHelper.invokeMethodConsideringTimeout(MethodInvocationHelper.java:62)
at org.testng.internal.ConfigInvoker.invokeConfigurationMethod(ConfigInvoker.java:385)
at org.testng.internal.ConfigInvoker.invokeConfigurations(ConfigInvoker.java:321)
at org.testng.internal.TestMethodWorker.invokeAfterClassMethods(TestMethodWorker.java:217)
at org.testng.internal.TestMethodWorker.run(TestMethodWorker.java:130)
at java.base/java.util.ArrayList.forEach(ArrayList.java:1511)
at org.testng.TestRunner.privateRun(TestRunner.java:794)
at org.testng.TestRunner.run(TestRunner.java:596)
at org.testng.SuiteRunner.runTest(SuiteRunner.java:377)
at org.testng.SuiteRunner.runSequentially(SuiteRunner.java:371)
at org.testng.SuiteRunner.privateRun(SuiteRunner.java:332)
at org.testng.SuiteRunner.run(SuiteRunner.java:276)
at org.testng.SuiteRunnerWorker.runSuite(SuiteRunnerWorker.java:53)
at org.testng.SuiteRunnerWorker.run(SuiteRunnerWorker.java:96)
at org.testng.TestNG.runSuitesSequentially(TestNG.java:1212)
at org.testng.TestNG.runSuitesLocally(TestNG.java:1134)
at org.testng.TestNG.runSuites(TestNG.java:1063)
at org.testng.TestNG.run(TestNG.java:1031)
at org.testng.remote.AbstractRemoteTestNG.run(AbstractRemoteTestNG.java:115)
at org.testng.remote.RemoteTestNG.initAndRun(RemoteTestNG.java:251)
at org.testng.remote.RemoteTestNG.main(RemoteTestNG.java:77)
]]>
            </full-stacktrace>
          </exception> <!-- org.openqa.selenium.NoSuchSessionException -->
          <reporter-output>
          </reporter-output>
        </test-method> <!-- tearDown -->
      </class> <!-- com.flipkart.qa.test.FK_TC4400_ValidateResultDisplay -->
    </test> <!-- Test -->
  </suite> <!-- Suite -->
</testng-results>
